<?xml version="1.0" encoding="UTF-8"?>
<!-- Generated by org.testng.reporters.JUnitReportReporter -->
<testsuite hostname="DESKTOP-LR9MGE6" failures="0" tests="2" name="com.ecommerce.testcases.DataPr" time="0.028" errors="0" timestamp="2024-07-11T13:27:39 IST" skipped="0">
  <testcase classname="com.ecommerce.testcases.DataPr" name="myTest" time="0.002"/>
  <system-out/>
  <testcase classname="com.ecommerce.testcases.DataPr" name="myTest" time="0.026"/>
  <system-out/>
</testsuite> <!-- com.ecommerce.testcases.DataPr -->
