<?xml version="1.0" encoding="UTF-8"?>
<!-- Generated by org.testng.reporters.JUnitReportReporter -->
<testsuite hostname="DESKTOP-LR9MGE6" failures="0" tests="3" name="com.ecommerce.testcases.HomePageTest" time="34.481" errors="0" timestamp="2024-07-29T17:29:43 IST" skipped="0">
  <testcase classname="com.ecommerce.testcases.HomePageTest" name="verifyCartIcon" time="16.648"/>
  <system-out/>
  <testcase classname="com.ecommerce.testcases.HomePageTest" name="verifyTitle" time="10.254"/>
  <system-out/>
  <testcase classname="com.ecommerce.testcases.HomePageTest" name="verifyLogo" time="7.579"/>
  <system-out/>
</testsuite> <!-- com.ecommerce.testcases.HomePageTest -->
